model          :	clip_vit_l_14
input_size     :	224
reduction      :	8
regression     :	False
truncation     :	4
anchor_points  :	average
prompt_type    :	word
granularity    :	fine
num_vpt        :	32
vpt_drop       :	0.0
shallow_vpt    :	False
weight_path    :	./checkpoints/nwpu/best_rmse_0.pth
epochs         :	50
lr             :	3e-05
downscale      :	4
batch_size     :	8
device         :	cuda
Missing keys: []
Unexpected keys: ['proj']
All keys matched successfully.
Initialized model with text prompts: ['There is no person.', 'There is one person.', 'There are two people.', 'There are three people.', 'There are more than four people.']
Epoch 1/50: Train Loss 11.0673 | Val Loss 10.4046 | MAE 164.66 | RMSE 579.23 | LR 3.00e-05
  -> Saved best student (MAE 164.66)
Epoch 2/50: Train Loss 9.9069 | Val Loss 10.0922 | MAE 147.82 | RMSE 556.47 | LR 2.99e-05
  -> Saved best student (MAE 147.82)
Epoch 3/50: Train Loss 9.4359 | Val Loss 10.2120 | MAE 144.24 | RMSE 549.98 | LR 2.97e-05
  -> Saved best student (MAE 144.24)
Epoch 4/50: Train Loss 9.1241 | Val Loss 10.0913 | MAE 144.46 | RMSE 548.35 | LR 2.95e-05
Epoch 5/50: Train Loss 8.8588 | Val Loss 10.2619 | MAE 141.85 | RMSE 544.84 | LR 2.93e-05
  -> Saved best student (MAE 141.85)
Epoch 6/50: Train Loss 8.6186 | Val Loss 10.1486 | MAE 141.00 | RMSE 543.83 | LR 2.90e-05
  -> Saved best student (MAE 141.00)
Epoch 7/50: Train Loss 8.4183 | Val Loss 10.1415 | MAE 141.18 | RMSE 543.36 | LR 2.86e-05
Epoch 8/50: Train Loss 8.2258 | Val Loss 10.1896 | MAE 140.25 | RMSE 542.07 | LR 2.82e-05
  -> Saved best student (MAE 140.25)
Epoch 9/50: Train Loss 8.0576 | Val Loss 10.1167 | MAE 139.85 | RMSE 542.35 | LR 2.77e-05
  -> Saved best student (MAE 139.85)
Epoch 10/50: Train Loss 7.9219 | Val Loss 10.0021 | MAE 141.46 | RMSE 544.25 | LR 2.71e-05
Epoch 11/50: Train Loss 7.7896 | Val Loss 10.0611 | MAE 141.63 | RMSE 544.45 | LR 2.66e-05
Epoch 12/50: Train Loss 7.6737 | Val Loss 10.0317 | MAE 140.85 | RMSE 543.81 | LR 2.59e-05
Epoch 13/50: Train Loss 7.5633 | Val Loss 9.8896 | MAE 143.62 | RMSE 546.17 | LR 2.53e-05

------------------------------------------------------------
Sender: LSF System <lsfadmin@hpc.dtu.dk>
Subject: Job 28314210: <Distill_CLIP> in cluster <dcc> Exited

Job <Distill_CLIP> was submitted from host <hpclogin1> by user <s253771> in cluster <dcc> at Tue Apr 28 13:57:15 2026
Job was executed on host(s) <4*n-62-20-13>, in queue <gpuv100>, as user <s253771> in cluster <dcc> at Tue Apr 28 14:30:05 2026
</zhome/3b/2/223841> was used as the home directory.
</zhome/3b/2/223841/ADLCV/CLIP-EBC> was used as the working directory.
Started at Tue Apr 28 14:30:05 2026
Terminated at Tue Apr 28 15:56:34 2026
Results reported at Tue Apr 28 15:56:34 2026

Your job looked like:

------------------------------------------------------------
# LSBATCH: User input
#!/bin/sh
### ---------------- specify queue name ----------------
#BSUB -q gpuv100
#BSUB -gpu "num=1"
### ---------------- specify job name ----------------
#BSUB -J Distill_CLIP
### ---------------- specify number of cores ----------------
#BSUB -n 4
#BSUB -R "span[hosts=1]"
### ---------------- specify CPU memory requirements ----------------
#BSUB -R "rusage[mem=20GB]"
### ---------------- specify wall-clock time (max allowed is 12:00) ----------------
#BSUB -W 12:00
#BSUB -o logs/OUTPUT_FILE%J.out
#BSUB -e logs/OUTPUT_FILE%J.err

source ~/miniconda3/bin/activate clip_ebc
cd "$LSB_SUBCWD"
mkdir -p logs

python train_distillation.py \
    --model clip_vit_l_14 --input_size 224 --reduction 8 --truncation 4 \
    --anchor_points average --prompt_type word --granularity fine \
    --num_vpt 32 --vpt_drop 0.0 \
    --weight_path ./checkpoints/nwpu/best_rmse_0.pth \
    --device cuda --epochs 50 --lr 3e-5 --downscale 4 --batch_size 8

------------------------------------------------------------

TERM_OWNER: job killed by owner.
Exited with exit code 130.

Resource usage summary:

    CPU time :                                   8878.00 sec.
    Max Memory :                                 3492 MB
    Average Memory :                             1821.88 MB
    Total Requested Memory :                     81920.00 MB
    Delta Memory :                               78428.00 MB
    Max Swap :                                   -
    Max Processes :                              8
    Max Threads :                                28
    Run time :                                   5189 sec.
    Turnaround time :                            7159 sec.

The output (if any) is above this job summary.



PS:

Read file <logs/OUTPUT_FILE28314210.err> for stderr output of this job.

