Preparing CLIP models...
Done!
model          :	clip_vit_l_14
input_size     :	224
reduction      :	8
regression     :	False
truncation     :	4
anchor_points  :	average
prompt_type    :	word
granularity    :	fine
num_vpt        :	32
vpt_drop       :	0.0
shallow_vpt    :	False
weight_path    :	./checkpoints/nwpu/best_rmse_0.pth
epochs         :	10
lr             :	1e-05
downscale      :	2
batch_size     :	8
device         :	cuda
Missing keys: []
Unexpected keys: ['proj']
All keys matched successfully.
Initialized model with text prompts: ['There is no person.', 'There is one person.', 'There are two people.', 'There are three people.', 'There are more than four people.']
Epoch 1/10: Train Loss 181.8623 | Val Loss 14.3808 | MAE 113.98 | LR 9.76e-06
  -> Saved best student (MAE 113.98)
Epoch 2/10: Train Loss 63.0417 | Val Loss 16.3273 | MAE 116.48 | LR 9.05e-06
Epoch 3/10: Train Loss 54.1664 | Val Loss 19.4275 | MAE 125.10 | LR 7.96e-06
Epoch 4/10: Train Loss 48.7126 | Val Loss 23.2577 | MAE 138.06 | LR 6.58e-06
Epoch 5/10: Train Loss 44.2512 | Val Loss 25.0055 | MAE 136.88 | LR 5.05e-06
Epoch 6/10: Train Loss 40.4445 | Val Loss 27.8963 | MAE 155.99 | LR 3.52e-06
Epoch 7/10: Train Loss 37.9334 | Val Loss 29.7556 | MAE 186.40 | LR 2.14e-06
Epoch 8/10: Train Loss 36.3815 | Val Loss 30.7960 | MAE 202.48 | LR 1.05e-06
Epoch 9/10: Train Loss 35.8446 | Val Loss 31.8191 | MAE 203.24 | LR 3.42e-07
Epoch 10/10: Train Loss 35.2094 | Val Loss 30.7287 | MAE 198.17 | LR 1.00e-07
Metrics plot saved to assets/training_metrics.png

------------------------------------------------------------
Sender: LSF System <lsfadmin@hpc.dtu.dk>
Subject: Job 28297176: <Distill_CLIP> in cluster <dcc> Done

Job <Distill_CLIP> was submitted from host <n-62-30-1> by user <s253771> in cluster <dcc> at Sun Apr 26 19:53:30 2026
Job was executed on host(s) <4*n-62-20-10>, in queue <gpuv100>, as user <s253771> in cluster <dcc> at Sun Apr 26 20:02:09 2026
</zhome/3b/2/223841> was used as the home directory.
</zhome/3b/2/223841/ADLCV/CLIP-EBC> was used as the working directory.
Started at Sun Apr 26 20:02:09 2026
Terminated at Sun Apr 26 20:33:50 2026
Results reported at Sun Apr 26 20:33:50 2026

Your job looked like:

------------------------------------------------------------
# LSBATCH: User input
#!/bin/sh
### ---------------- specify queue name ----------------
#BSUB -q gpuv100
#BSUB -gpu "num=1"
### ---------------- specify job name ----------------
#BSUB -J Distill_CLIP
### ---------------- specify number of cores ----------------
#BSUB -n 4
#BSUB -R "span[hosts=1]"
### ---------------- specify CPU memory requirements ----------------
#BSUB -R "rusage[mem=20GB]"
### ---------------- specify wall-clock time (max allowed is 12:00) ----------------
#BSUB -W 12:00
#BSUB -o logs/OUTPUT_FILE%J.out
#BSUB -e logs/OUTPUT_FILE%J.err

source ~/miniconda3/bin/activate clip_ebc
cd "$LSB_SUBCWD"
mkdir -p logs

python train_distillation.py \
    --model clip_vit_l_14 --input_size 224 --reduction 8 --truncation 4 \
    --anchor_points average --prompt_type word --granularity fine \
    --num_vpt 32 --vpt_drop 0.0 \
    --weight_path ./checkpoints/nwpu/best_rmse_0.pth \
    --device cuda --epochs 10 --lr 1e-5 --downscale 2 --batch_size 8

------------------------------------------------------------

Successfully completed.

Resource usage summary:

    CPU time :                                   6899.00 sec.
    Max Memory :                                 4626 MB
    Average Memory :                             3647.29 MB
    Total Requested Memory :                     81920.00 MB
    Delta Memory :                               77294.00 MB
    Max Swap :                                   -
    Max Processes :                              8
    Max Threads :                                28
    Run time :                                   1901 sec.
    Turnaround time :                            2420 sec.

The output (if any) is above this job summary.



PS:

Read file <logs/OUTPUT_FILE28297176.err> for stderr output of this job.

